PruebaLogReg/features/accountsignin/build/intermediates/manifest_merge_blame_file/debug/manifest-merger-blame-debug-report.txt
1<?xml version="1.0" encoding="utf-8"?>
2<manifest xmlns:android="http://schemas.android.com/apk/res/android"
3    xmlns:dist="http://schemas.android.com/apk/distribution"
4    featureSplit="accountsignin"
5    package="com.moronlu18.invoice"
6    android:versionCode="2"
7    android:versionName="2.0" >
8
9    <uses-sdk
10        android:minSdkVersion="24"
11        android:targetSdkVersion="24" />
12
13    <!--
14    Informacion del módulo: install-time: Este tipo de entrega se utiliza para el módulo que
15    será visible para el usuario solo una vez. El módulo de inicio de sesión puede ser un ejemplo
16    de este tipo de entrega; una vez que el usuario inicia sesión, podemos desinstalar el
17    módulo dinámicamente. Pero esto no significa que nunca podamos volver a instalar el módulo.
18    Si un usuario cierra sesión,
19    podemos reinstalar el módulo nuevamente tal como lo haríamos con el módulo bajo demanda.
20    -->
21
22    <dist:module
22-->src\main\AndroidManifest.xml:12:5-19:19
23        dist:instant="false"
23-->src\main\AndroidManifest.xml:13:9-29
24        dist:title="@string/title_accountsigin" >
24-->src\main\AndroidManifest.xml:14:9-48
25        <dist:delivery>
25-->src\main\AndroidManifest.xml:15:9-17:25
26            <dist:install-time />
26-->src\main\AndroidManifest.xml:16:13-34
27        </dist:delivery>
28
29        <dist:fusing dist:include="true" />
29-->src\main\AndroidManifest.xml:18:9-44
29-->src\main\AndroidManifest.xml:18:22-41
30    </dist:module>
31
32    <application
33        android:debuggable="true"
34        android:extractNativeLibs="false"
35        android:testOnly="true" />
36
37</manifest>